<?xml version="1.0" encoding="UTF-8"?>
<!-- Generated by org.testng.reporters.JUnitReportReporter -->
<testsuite hostname="SanjiwaniS-Mac.local" failures="0" tests="1" name="restassuredApiTests.CreateBooking" time="4.181" errors="0" timestamp="2023-09-23T10:17:47 IST" skipped="0">
  <testcase classname="restassuredApiTests.CreateBooking" name="testpost" time="4.181"/>
</testsuite> <!-- restassuredApiTests.CreateBooking -->
