<?xml version="1.0" encoding="UTF-8"?>
<!-- Generated by org.testng.reporters.JUnitReportReporter -->
<testsuite hostname="SanjiwaniS-Mac.local" failures="0" tests="1" name="restassuredApiTests.CreateToken" time="3.807" errors="0" timestamp="2023-09-21T13:35:47 IST" skipped="0">
  <testcase classname="restassuredApiTests.CreateToken" name="testpost" time="3.807"/>
</testsuite> <!-- restassuredApiTests.CreateToken -->
